<?xml version="1.0" encoding="UTF-8"?>
<!-- Generated by org.testng.reporters.JUnitReportReporter -->
<testsuite hostname="DESKTOP-2NR43QH" failures="0" tests="9" name="kay.MavenTestWithDifferentBrowser.SanityTest" time="72.501" errors="0" timestamp="2024-05-16T16:00:03 WAT" skipped="0">
  <testcase classname="kay.MavenTestWithDifferentBrowser.SanityTest" name="NegativeUsernameTest" time="2.350"/>
  <testcase classname="kay.MavenTestWithDifferentBrowser.SanityTest" name="NegativeUsernameTest" time="2.699"/>
  <testcase classname="kay.MavenTestWithDifferentBrowser.SanityTest" name="NegativePasswordTest" time="2.682"/>
  <testcase classname="kay.MavenTestWithDifferentBrowser.SanityTest" name="PositiveloginTest" time="8.478"/>
  <testcase classname="kay.MavenTestWithDifferentBrowser.SanityTest" name="NegativeUsernameTest" time="2.465"/>
  <testcase classname="kay.MavenTestWithDifferentBrowser.SanityTest" name="NegativePasswordTest" time="2.735"/>
  <testcase classname="kay.MavenTestWithDifferentBrowser.SanityTest" name="NegativePasswordTest" time="24.445"/>
  <testcase classname="kay.MavenTestWithDifferentBrowser.SanityTest" name="PositiveloginTest" time="19.431"/>
  <testcase classname="kay.MavenTestWithDifferentBrowser.SanityTest" name="PositiveloginTest" time="7.216"/>
</testsuite> <!-- kay.MavenTestWithDifferentBrowser.SanityTest -->
